Using pre-set license
Built from '6000.0/staging' branch; Version is '6000.0.41f1 (46e447368a18) revision 4645959'; Using compiler version '193933523'; Build Type 'Release'
OS: 'Windows 10  (10.0.19045) 64bit Core' Language: 'pt' Physical Memory: 16319 MB
BatchMode: 1, IsHumanControllingUs: 0, StartBugReporterOnCrash: 0, Is64bit: 1, IsPro: 1

COMMAND LINE ARGUMENTS:
D:\Program Files\Unity Hub\Editor\6000.0.41f1\Editor\Unity.exe
-adb2
-batchMode
-noUpm
-name
AssetImportWorker0
-projectPath
D:/Projetos_de_Jogos/ProjetoJogoUvaUnity/JogoFaculdadeUnity
-logFile
Logs/AssetImportWorker0.log
-srvPort
55166
-job-worker-count
2
-background-job-worker-count
8
-gc-helper-count
1
Successfully changed project path to: D:/Projetos_de_Jogos/ProjetoJogoUvaUnity/JogoFaculdadeUnity
D:/Projetos_de_Jogos/ProjetoJogoUvaUnity/JogoFaculdadeUnity
[UnityMemory] Configuration Parameters - Can be set up in boot.config
    "memorysetup-bucket-allocator-granularity=16"
    "memorysetup-bucket-allocator-bucket-count=8"
    "memorysetup-bucket-allocator-block-size=33554432"
    "memorysetup-bucket-allocator-block-count=8"
    "memorysetup-main-allocator-block-size=16777216"
    "memorysetup-thread-allocator-block-size=16777216"
    "memorysetup-gfx-main-allocator-block-size=16777216"
    "memorysetup-gfx-thread-allocator-block-size=16777216"
    "memorysetup-cache-allocator-block-size=4194304"
    "memorysetup-typetree-allocator-block-size=2097152"
    "memorysetup-profiler-bucket-allocator-granularity=16"
    "memorysetup-profiler-bucket-allocator-bucket-count=8"
    "memorysetup-profiler-bucket-allocator-block-size=33554432"
    "memorysetup-profiler-bucket-allocator-block-count=8"
    "memorysetup-profiler-allocator-block-size=16777216"
    "memorysetup-profiler-editor-allocator-block-size=1048576"
    "memorysetup-temp-allocator-size-main=16777216"
    "memorysetup-job-temp-allocator-block-size=2097152"
    "memorysetup-job-temp-allocator-block-size-background=1048576"
    "memorysetup-job-temp-allocator-reduction-small-platforms=262144"
    "memorysetup-allocator-temp-initial-block-size-main=262144"
    "memorysetup-allocator-temp-initial-block-size-worker=262144"
    "memorysetup-temp-allocator-size-background-worker=32768"
    "memorysetup-temp-allocator-size-job-worker=262144"
    "memorysetup-temp-allocator-size-preload-manager=33554432"
    "memorysetup-temp-allocator-size-nav-mesh-worker=65536"
    "memorysetup-temp-allocator-size-audio-worker=65536"
    "memorysetup-temp-allocator-size-cloud-worker=32768"
    "memorysetup-temp-allocator-size-gi-baking-worker=262144"
    "memorysetup-temp-allocator-size-gi-baking-worker=262144"
    "memorysetup-temp-allocator-size-gi-baking-worker=262144"
    "memorysetup-temp-allocator-size-gi-baking-worker=262144"
    "memorysetup-temp-allocator-size-gi-baking-worker=262144"
    "memorysetup-temp-allocator-size-gfx=262144"
Player connection [5272]  Target information:

Player connection [5272]  * "[IP] 192.168.0.107 [Port] 0 [Flags] 2 [Guid] 2139937043 [EditorId] 2139937043 [Version] 1048832 [Id] WindowsEditor(7,FamiliaCruz) [Debug] 1 [PackageName] WindowsEditor [ProjectName] Editor" 

Player connection [5272] Host joined multi-casting on [225.0.0.222:54997]...
Player connection [5272] Host joined alternative multi-casting on [225.0.0.222:34997]...
JobSystem: Creating JobQueue using job-worker-count value 2
Input System module state changed to: Initialized.
[Physics::Module] Initialized fallback backend.
[Physics::Module] Id: 0xdecafbad
Library Redirect Path: Library/
[Physics::Module] Selected backend.
[Physics::Module] Name: PhysX
[Physics::Module] Id: 0xf2b8ea05
[Physics::Module] SDK Version: 4.1.2
[Physics::Module] Integration Version: 1.0.0
[Physics::Module] Threading Mode: Multi-Threaded
Refreshing native plugins compatible for Editor in 5.89 ms, found 4 plugins.
Preloading 0 native plugins for Editor in 0.00 ms.
Initialize engine version: 6000.0.41f1 (46e447368a18)
[Subsystems] Discovering subsystems at path D:/Program Files/Unity Hub/Editor/6000.0.41f1/Editor/Data/Resources/UnitySubsystems
[Subsystems] Discovering subsystems at path D:/Projetos_de_Jogos/ProjetoJogoUvaUnity/JogoFaculdadeUnity/Assets
GfxDevice: creating device client; kGfxThreadingModeNonThreaded
Direct3D:
    Version:  Direct3D 11.0 [level 11.0]
    Renderer: NVIDIA GeForce GT 730 (ID=0xf02)
    Vendor:   NVIDIA
    VRAM:     4041 MB
    Driver:   23.21.13.8813
Shader Hidden/ProbeVolume/VoxelizeScene is not supported: GPU does not support conservative rasterization
Initialize mono
Mono path[0] = 'D:/Program Files/Unity Hub/Editor/6000.0.41f1/Editor/Data/Managed'
Mono path[1] = 'D:/Program Files/Unity Hub/Editor/6000.0.41f1/Editor/Data/MonoBleedingEdge/lib/mono/unityjit-win32'
Mono config path = 'D:/Program Files/Unity Hub/Editor/6000.0.41f1/Editor/Data/MonoBleedingEdge/etc'
Using monoOptions --debugger-agent=transport=dt_socket,embedding=1,server=y,suspend=n,address=127.0.0.1:56364
Begin MonoManager ReloadAssembly
Registering precompiled unity dll's ...
Register platform support module: D:/Program Files/Unity Hub/Editor/6000.0.41f1/Editor/Data/PlaybackEngines/WebGLSupport/UnityEditor.WebGL.Extensions.dll
Register platform support module: D:/Program Files/Unity Hub/Editor/6000.0.41f1/Editor/Data/PlaybackEngines/WindowsStandaloneSupport/UnityEditor.WindowsStandalone.Extensions.dll
Registered in 0.010723 seconds.
- Loaded All Assemblies, in  0.667 seconds
Native extension for WindowsStandalone target not found
Native extension for WebGL target not found
Mono: successfully reloaded assembly
- Finished resetting the current domain, in  0.482 seconds
Domain Reload Profiling: 1138ms
	BeginReloadAssembly (242ms)
		ExecutionOrderSort (0ms)
		DisableScriptedObjects (0ms)
		BackupInstance (0ms)
		ReleaseScriptingObjects (0ms)
		CreateAndSetChildDomain (1ms)
	RebuildCommonClasses (53ms)
	RebuildNativeTypeToScriptingClass (16ms)
	initialDomainReloadingComplete (94ms)
	LoadAllAssembliesAndSetupDomain (251ms)
		LoadAssemblies (231ms)
		RebuildTransferFunctionScriptingTraits (0ms)
		AnalyzeDomain (244ms)
			TypeCache.Refresh (242ms)
				TypeCache.ScanAssembly (223ms)
			BuildScriptInfoCaches (0ms)
			ResolveRequiredComponents (1ms)
	FinalizeReload (482ms)
		ReleaseScriptCaches (0ms)
		RebuildScriptCaches (0ms)
		SetupLoadedEditorAssemblies (440ms)
			LogAssemblyErrors (0ms)
			InitializePlatformSupportModulesInManaged (82ms)
			SetLoadedEditorAssemblies (5ms)
			BeforeProcessingInitializeOnLoad (75ms)
			ProcessInitializeOnLoadAttributes (208ms)
			ProcessInitializeOnLoadMethodAttributes (70ms)
			AfterProcessingInitializeOnLoad (0ms)
			EditorAssembliesLoaded (0ms)
		ExecutionOrderSort2 (0ms)
		AwakeInstancesAfterBackupRestoration (0ms)
========================================================================
Worker process is ready to serve import requests
Import Worker Mode flag is 0x00
Begin MonoManager ReloadAssembly
- Loaded All Assemblies, in  1.499 seconds
Refreshing native plugins compatible for Editor in 6.46 ms, found 4 plugins.
Native extension for WindowsStandalone target not found
Native extension for WebGL target not found
Mono: successfully reloaded assembly
- Finished resetting the current domain, in  1.270 seconds
Domain Reload Profiling: 2744ms
	BeginReloadAssembly (274ms)
		ExecutionOrderSort (0ms)
		DisableScriptedObjects (8ms)
		BackupInstance (0ms)
		ReleaseScriptingObjects (0ms)
		CreateAndSetChildDomain (35ms)
	RebuildCommonClasses (50ms)
	RebuildNativeTypeToScriptingClass (16ms)
	initialDomainReloadingComplete (77ms)
	LoadAllAssembliesAndSetupDomain (1057ms)
		LoadAssemblies (804ms)
		RebuildTransferFunctionScriptingTraits (0ms)
		AnalyzeDomain (433ms)
			TypeCache.Refresh (312ms)
				TypeCache.ScanAssembly (280ms)
			BuildScriptInfoCaches (101ms)
			ResolveRequiredComponents (16ms)
	FinalizeReload (1270ms)
		ReleaseScriptCaches (0ms)
		RebuildScriptCaches (0ms)
		SetupLoadedEditorAssemblies (1082ms)
			LogAssemblyErrors (0ms)
			InitializePlatformSupportModulesInManaged (17ms)
			SetLoadedEditorAssemblies (4ms)
			BeforeProcessingInitializeOnLoad (226ms)
			ProcessInitializeOnLoadAttributes (663ms)
			ProcessInitializeOnLoadMethodAttributes (147ms)
			AfterProcessingInitializeOnLoad (25ms)
			EditorAssembliesLoaded (0ms)
		ExecutionOrderSort2 (0ms)
		AwakeInstancesAfterBackupRestoration (7ms)
Shader Hidden/ProbeVolume/VoxelizeScene is not supported: GPU does not support conservative rasterization
Launched and connected shader compiler UnityShaderCompiler.exe after 0.02 seconds
Refreshing native plugins compatible for Editor in 4.30 ms, found 4 plugins.
Preloading 0 native plugins for Editor in 0.00 ms.
Unloading 207 Unused Serialized files (Serialized files now loaded: 0)
Unloading 6566 unused Assets / (4.6 MB). Loaded Objects now: 7282.
Memory consumption went from 173.5 MB to 168.9 MB.
Total: 11.210900 ms (FindLiveObjects: 0.730900 ms CreateObjectMapping: 1.210400 ms MarkObjects: 6.320500 ms  DeleteObjects: 2.947600 ms)

========================================================================
Received Import Request.
  Time since last request: 12882.255536 seconds.
  path: Assets/Sprites/Ruínas/dungeon_sidescroller-Raou 16x16/Tilesetv3.png
  artifactKey: Guid(5f008d0a2b9954349bcb52ac8ed1a7a0) Importer(815301076,1909f56bfc062723c751e8b465ee728b)
Start importing Assets/Sprites/Ruínas/dungeon_sidescroller-Raou 16x16/Tilesetv3.png using Guid(5f008d0a2b9954349bcb52ac8ed1a7a0) Importer(815301076,1909f56bfc062723c751e8b465ee728b) (PreviewImporter) -> (artifact id: 'ddf8e69e05cb45b0570507e14b288515') in 1.5775978 seconds
Number of updated asset objects reloaded before import = 0Number of asset objects unloaded after import = 694

========================================================================
Received Import Request.
  Time since last request: 31.785024 seconds.
  path: Assets/Sprites/Ruínas/Dungeon Tile Set (1) 16x16/Dungeon Tile Set.png
  artifactKey: Guid(00675a5d3ae01194a812433459430f7c) Importer(815301076,1909f56bfc062723c751e8b465ee728b)
Start importing Assets/Sprites/Ruínas/Dungeon Tile Set (1) 16x16/Dungeon Tile Set.png using Guid(00675a5d3ae01194a812433459430f7c) Importer(815301076,1909f56bfc062723c751e8b465ee728b) (PreviewImporter) -> (artifact id: '03934e8680d4b35058735fcd7d68fe49') in 0.2873314 seconds
Number of updated asset objects reloaded before import = 0Number of asset objects unloaded after import = 135

========================================================================
Received Import Request.
  Time since last request: 69.015032 seconds.
  path: Assets/Sprites/Floresta Esquecida/Pixel Valley - Revamp 16x16/Pine - 60F.png
  artifactKey: Guid(ed97dcaed138d994e8557a3f9d63311b) Importer(815301076,1909f56bfc062723c751e8b465ee728b)
Start importing Assets/Sprites/Floresta Esquecida/Pixel Valley - Revamp 16x16/Pine - 60F.png using Guid(ed97dcaed138d994e8557a3f9d63311b) Importer(815301076,1909f56bfc062723c751e8b465ee728b) (PreviewImporter) -> (artifact id: '0433111824001e47d340125dc7007905') in 0.5242782 seconds
Number of updated asset objects reloaded before import = 0Number of asset objects unloaded after import = 226

========================================================================
Received Import Request.
  Time since last request: 225.298411 seconds.
  path: Assets/Sprites/Ruínas/Legacy Adventure Pack - RUINS 16x16
  artifactKey: Guid(5dc3faa9df363fe4b908091fb4f0b09e) Importer(815301076,1909f56bfc062723c751e8b465ee728b)
Start importing Assets/Sprites/Ruínas/Legacy Adventure Pack - RUINS 16x16 using Guid(5dc3faa9df363fe4b908091fb4f0b09e) Importer(815301076,1909f56bfc062723c751e8b465ee728b) (PreviewImporter) -> (artifact id: 'a8ea6c5b13192c0529892ba480f4a5f7') in 0.0007412 seconds
Number of updated asset objects reloaded before import = 0Number of asset objects unloaded after import = 0

========================================================================
Received Import Request.
  Time since last request: 1.462897 seconds.
  path: Assets/Sprites/Ruínas/Legacy_Adventure_Pack_TEMPLE 16x16
  artifactKey: Guid(d50b29d86fe7a2b469ed78a6aaba7253) Importer(815301076,1909f56bfc062723c751e8b465ee728b)
Start importing Assets/Sprites/Ruínas/Legacy_Adventure_Pack_TEMPLE 16x16 using Guid(d50b29d86fe7a2b469ed78a6aaba7253) Importer(815301076,1909f56bfc062723c751e8b465ee728b) (PreviewImporter) -> (artifact id: '1b4e8a61d1c40cfc60c51e700ae6e0ba') in 0.0005779 seconds
Number of updated asset objects reloaded before import = 0Number of asset objects unloaded after import = 0

========================================================================
Received Import Request.
  Time since last request: 1.008922 seconds.
  path: Assets/Sprites/Ruínas/Pyramid Ruins 16x16
  artifactKey: Guid(4c5867838dee61f4d9ce5ef843661d78) Importer(815301076,1909f56bfc062723c751e8b465ee728b)
Start importing Assets/Sprites/Ruínas/Pyramid Ruins 16x16 using Guid(4c5867838dee61f4d9ce5ef843661d78) Importer(815301076,1909f56bfc062723c751e8b465ee728b) (PreviewImporter) -> (artifact id: 'cc23a7eea83e2e3a1a9adf5e96b41199') in 0.000582 seconds
Number of updated asset objects reloaded before import = 0Number of asset objects unloaded after import = 0

========================================================================
Received Import Request.
  Time since last request: 9.770552 seconds.
  path: Assets/Sprites/Ruínas/dungeon_sidescroller-Raou 16x16
  artifactKey: Guid(144640e71dc4d5c4ba246d667ca70904) Importer(815301076,1909f56bfc062723c751e8b465ee728b)
Start importing Assets/Sprites/Ruínas/dungeon_sidescroller-Raou 16x16 using Guid(144640e71dc4d5c4ba246d667ca70904) Importer(815301076,1909f56bfc062723c751e8b465ee728b) (PreviewImporter) -> (artifact id: 'f5b8bd49f3933751b58bd345904a4802') in 0.0012726 seconds
Number of updated asset objects reloaded before import = 0Number of asset objects unloaded after import = 0

========================================================================
Received Import Request.
  Time since last request: 18.953039 seconds.
  path: Assets/Sprites/New Folder
  artifactKey: Guid(db6839d2a808a05419d59b411077b2df) Importer(815301076,1909f56bfc062723c751e8b465ee728b)
Start importing Assets/Sprites/New Folder using Guid(db6839d2a808a05419d59b411077b2df) Importer(815301076,1909f56bfc062723c751e8b465ee728b) (PreviewImporter) -> (artifact id: 'fec2f3c8b1be79b011c3cfb6af953c11') in 0.0006019 seconds
Number of updated asset objects reloaded before import = 0Number of asset objects unloaded after import = 0

========================================================================
Received Import Request.
  Time since last request: 15.608093 seconds.
  path: Assets/Sprites/Templo
  artifactKey: Guid(db6839d2a808a05419d59b411077b2df) Importer(815301076,1909f56bfc062723c751e8b465ee728b)
Start importing Assets/Sprites/Templo using Guid(db6839d2a808a05419d59b411077b2df) Importer(815301076,1909f56bfc062723c751e8b465ee728b) (PreviewImporter) -> (artifact id: 'd57d85bed90370db4b4f5d8ff5750c0c') in 0.000558 seconds
Number of updated asset objects reloaded before import = 0Number of asset objects unloaded after import = 0

========================================================================
Received Import Request.
  Time since last request: 4.053505 seconds.
  path: Assets/Sprites/Templo/Legacy_Adventure_Pack_TEMPLE 16x16/Character
  artifactKey: Guid(fa961d62c5d473045b9f00c49f039834) Importer(815301076,1909f56bfc062723c751e8b465ee728b)
Start importing Assets/Sprites/Templo/Legacy_Adventure_Pack_TEMPLE 16x16/Character using Guid(fa961d62c5d473045b9f00c49f039834) Importer(815301076,1909f56bfc062723c751e8b465ee728b) (PreviewImporter) -> (artifact id: 'f0055bc229d708ceb21ee122e9547441') in 0.0005676 seconds
Number of updated asset objects reloaded before import = 0Number of asset objects unloaded after import = 0

========================================================================
Received Import Request.
  Time since last request: 0.000019 seconds.
  path: Assets/Sprites/Templo/Legacy_Adventure_Pack_TEMPLE 16x16/Character/Character_Sprite_Sheet.png
  artifactKey: Guid(a92015630fda37d43881c08ea9c81b21) Importer(815301076,1909f56bfc062723c751e8b465ee728b)
Start importing Assets/Sprites/Templo/Legacy_Adventure_Pack_TEMPLE 16x16/Character/Character_Sprite_Sheet.png using Guid(a92015630fda37d43881c08ea9c81b21) Importer(815301076,1909f56bfc062723c751e8b465ee728b) (PreviewImporter) -> (artifact id: 'c203c19e328c32024a17344bfcf6083b') in 0.0862744 seconds
Number of updated asset objects reloaded before import = 0Number of asset objects unloaded after import = 26

========================================================================
Received Import Request.
  Time since last request: 3.314717 seconds.
  path: Assets/Sprites/Templo/Legacy_Adventure_Pack_TEMPLE 16x16/Assets/Assets.png
  artifactKey: Guid(82bf2203d6a7caf469ce2b48a227b8f3) Importer(815301076,1909f56bfc062723c751e8b465ee728b)
Start importing Assets/Sprites/Templo/Legacy_Adventure_Pack_TEMPLE 16x16/Assets/Assets.png using Guid(82bf2203d6a7caf469ce2b48a227b8f3) Importer(815301076,1909f56bfc062723c751e8b465ee728b) (PreviewImporter) -> (artifact id: '75488396cdc0bd5833b9100ed5bc1879') in 0.0263635 seconds
Number of updated asset objects reloaded before import = 0Number of asset objects unloaded after import = 4

========================================================================
Received Import Request.
  Time since last request: 0.000014 seconds.
  path: Assets/Sprites/Templo/Legacy_Adventure_Pack_TEMPLE 16x16/Assets/Background_1.png
  artifactKey: Guid(7b4aed23ecbca0d45b5500d9a3a15710) Importer(815301076,1909f56bfc062723c751e8b465ee728b)
Start importing Assets/Sprites/Templo/Legacy_Adventure_Pack_TEMPLE 16x16/Assets/Background_1.png using Guid(7b4aed23ecbca0d45b5500d9a3a15710) Importer(815301076,1909f56bfc062723c751e8b465ee728b) (PreviewImporter) -> (artifact id: '1c40bf82e010fde56078bb93ece1711e') in 0.0224967 seconds
Number of updated asset objects reloaded before import = 0Number of asset objects unloaded after import = 5

========================================================================
Received Import Request.
  Time since last request: 0.000015 seconds.
  path: Assets/Sprites/Templo/Legacy_Adventure_Pack_TEMPLE 16x16/Assets/Background_2.png
  artifactKey: Guid(b3b28bea436d5c1489fc88a8a9f61848) Importer(815301076,1909f56bfc062723c751e8b465ee728b)
Start importing Assets/Sprites/Templo/Legacy_Adventure_Pack_TEMPLE 16x16/Assets/Background_2.png using Guid(b3b28bea436d5c1489fc88a8a9f61848) Importer(815301076,1909f56bfc062723c751e8b465ee728b) (PreviewImporter) -> (artifact id: '02189d4f1e3d2625f562136160603f87') in 0.0171852 seconds
Number of updated asset objects reloaded before import = 0Number of asset objects unloaded after import = 3

========================================================================
Received Import Request.
  Time since last request: 9.051469 seconds.
  path: Assets/Sprites/Templo/Legacy_Adventure_Pack_TEMPLE 16x16/Assets
  artifactKey: Guid(321d2eb9a658c404fb1f06fd7c20bb51) Importer(815301076,1909f56bfc062723c751e8b465ee728b)
Start importing Assets/Sprites/Templo/Legacy_Adventure_Pack_TEMPLE 16x16/Assets using Guid(321d2eb9a658c404fb1f06fd7c20bb51) Importer(815301076,1909f56bfc062723c751e8b465ee728b) (PreviewImporter) -> (artifact id: 'adc6cc68255dc894571a641a4aae6a9c') in 0.0009083 seconds
Number of updated asset objects reloaded before import = 0Number of asset objects unloaded after import = 0

========================================================================
Received Import Request.
  Time since last request: 25.505479 seconds.
  path: Assets/Sprites/Templo/Legacy_Adventure_Pack_TEMPLE 16x16/Background_1.png
  artifactKey: Guid(7b4aed23ecbca0d45b5500d9a3a15710) Importer(815301076,1909f56bfc062723c751e8b465ee728b)
Start importing Assets/Sprites/Templo/Legacy_Adventure_Pack_TEMPLE 16x16/Background_1.png using Guid(7b4aed23ecbca0d45b5500d9a3a15710) Importer(815301076,1909f56bfc062723c751e8b465ee728b) (PreviewImporter) -> (artifact id: '1e7896a402b67a28debecc02296c2453') in 0.0233933 seconds
Number of updated asset objects reloaded before import = 0Number of asset objects unloaded after import = 5

========================================================================
Received Import Request.
  Time since last request: 0.000018 seconds.
  path: Assets/Sprites/Templo/Legacy_Adventure_Pack_TEMPLE 16x16/Assets.png
  artifactKey: Guid(82bf2203d6a7caf469ce2b48a227b8f3) Importer(815301076,1909f56bfc062723c751e8b465ee728b)
Start importing Assets/Sprites/Templo/Legacy_Adventure_Pack_TEMPLE 16x16/Assets.png using Guid(82bf2203d6a7caf469ce2b48a227b8f3) Importer(815301076,1909f56bfc062723c751e8b465ee728b) (PreviewImporter) -> (artifact id: 'd760258cd37a0e87e13095204a48a7a4') in 0.0213962 seconds
Number of updated asset objects reloaded before import = 0Number of asset objects unloaded after import = 4

========================================================================
Received Import Request.
  Time since last request: 0.000016 seconds.
  path: Assets/Sprites/Templo/Legacy_Adventure_Pack_TEMPLE 16x16/Background_2.png
  artifactKey: Guid(b3b28bea436d5c1489fc88a8a9f61848) Importer(815301076,1909f56bfc062723c751e8b465ee728b)
Start importing Assets/Sprites/Templo/Legacy_Adventure_Pack_TEMPLE 16x16/Background_2.png using Guid(b3b28bea436d5c1489fc88a8a9f61848) Importer(815301076,1909f56bfc062723c751e8b465ee728b) (PreviewImporter) -> (artifact id: 'ac1d782334ad850db1b31fe7403a5b09') in 0.0159783 seconds
Number of updated asset objects reloaded before import = 0Number of asset objects unloaded after import = 3

========================================================================
Received Import Request.
  Time since last request: 10.967880 seconds.
  path: Assets/Sprites/Templo/Legacy_Adventure_Pack_TEMPLE 16x16/Assets.png
  artifactKey: Guid(82bf2203d6a7caf469ce2b48a227b8f3) Importer(815301076,1909f56bfc062723c751e8b465ee728b)
Start importing Assets/Sprites/Templo/Legacy_Adventure_Pack_TEMPLE 16x16/Assets.png using Guid(82bf2203d6a7caf469ce2b48a227b8f3) Importer(815301076,1909f56bfc062723c751e8b465ee728b) (PreviewImporter) -> (artifact id: 'f47345c633928f3c51704ee4eb099d88') in 0.3589033 seconds
Number of updated asset objects reloaded before import = 0Number of asset objects unloaded after import = 151

========================================================================
Received Import Request.
  Time since last request: 6.857943 seconds.
  path: Assets/Sprites/Templo/Pyramid Ruins 16x16/PR_BackGround 16x16.png
  artifactKey: Guid(c0eec3058c108384ab904ed7b5f5f870) Importer(815301076,1909f56bfc062723c751e8b465ee728b)
Start importing Assets/Sprites/Templo/Pyramid Ruins 16x16/PR_BackGround 16x16.png using Guid(c0eec3058c108384ab904ed7b5f5f870) Importer(815301076,1909f56bfc062723c751e8b465ee728b) (PreviewImporter) -> (artifact id: 'a632bfc2a7cd08ecb0cb8653bc9ccc0e') in 0.0211219 seconds
Number of updated asset objects reloaded before import = 0Number of asset objects unloaded after import = 3

========================================================================
Received Import Request.
  Time since last request: 0.000026 seconds.
  path: Assets/Sprites/Templo/Pyramid Ruins 16x16/PR_TileSet 16x16.png
  artifactKey: Guid(dfc6b522f52f99346a4c38a25cb64842) Importer(815301076,1909f56bfc062723c751e8b465ee728b)
Start importing Assets/Sprites/Templo/Pyramid Ruins 16x16/PR_TileSet 16x16.png using Guid(dfc6b522f52f99346a4c38a25cb64842) Importer(815301076,1909f56bfc062723c751e8b465ee728b) (PreviewImporter) -> (artifact id: '16730d984d1f46a305fa11251bec60d7') in 0.079874 seconds
Number of updated asset objects reloaded before import = 0Number of asset objects unloaded after import = 26

========================================================================
Received Import Request.
  Time since last request: 0.000018 seconds.
  path: Assets/Sprites/Templo/Pyramid Ruins 16x16/PR_Objects 16x16.png
  artifactKey: Guid(32414ab3622fb924dbf1bbb8f10fe884) Importer(815301076,1909f56bfc062723c751e8b465ee728b)
Start importing Assets/Sprites/Templo/Pyramid Ruins 16x16/PR_Objects 16x16.png using Guid(32414ab3622fb924dbf1bbb8f10fe884) Importer(815301076,1909f56bfc062723c751e8b465ee728b) (PreviewImporter) -> (artifact id: '54727755ebec3d30e36ab2b961efe815') in 0.0520311 seconds
Number of updated asset objects reloaded before import = 0Number of asset objects unloaded after import = 18

========================================================================
Received Import Request.
  Time since last request: 0.000025 seconds.
  path: Assets/Sprites/Templo/Pyramid Ruins 16x16/PR_TileGround 16x16.png
  artifactKey: Guid(fc3fc8afb8f70514294fba788cc0d0b5) Importer(815301076,1909f56bfc062723c751e8b465ee728b)
Start importing Assets/Sprites/Templo/Pyramid Ruins 16x16/PR_TileGround 16x16.png using Guid(fc3fc8afb8f70514294fba788cc0d0b5) Importer(815301076,1909f56bfc062723c751e8b465ee728b) (PreviewImporter) -> (artifact id: '917a56dd2ca07daaae037b202a7aa7b9') in 0.0305748 seconds
Number of updated asset objects reloaded before import = 0Number of asset objects unloaded after import = 9

========================================================================
Received Import Request.
  Time since last request: 0.000014 seconds.
  path: Assets/Sprites/Templo/Pyramid Ruins 16x16/Pyramid Ruins_Aseprite.aseprite
  artifactKey: Guid(a752ffbc405a16a4e8fa64a86c8295d1) Importer(815301076,1909f56bfc062723c751e8b465ee728b)
Start importing Assets/Sprites/Templo/Pyramid Ruins 16x16/Pyramid Ruins_Aseprite.aseprite using Guid(a752ffbc405a16a4e8fa64a86c8295d1) Importer(815301076,1909f56bfc062723c751e8b465ee728b) (PreviewImporter) -> (artifact id: '3ad16403e996103e9ef24fb8fc708d1a') in 0.5697481 seconds
Number of updated asset objects reloaded before import = 0Number of asset objects unloaded after import = 7

========================================================================
Received Import Request.
  Time since last request: 1.031862 seconds.
  path: Assets/Sprites/Templo/Pyramid Ruins 16x16/Readme.txt
  artifactKey: Guid(ee59497b30b8e924a8c7d736ec664aaf) Importer(815301076,1909f56bfc062723c751e8b465ee728b)
Start importing Assets/Sprites/Templo/Pyramid Ruins 16x16/Readme.txt using Guid(ee59497b30b8e924a8c7d736ec664aaf) Importer(815301076,1909f56bfc062723c751e8b465ee728b) (PreviewImporter) -> (artifact id: '1ab489778a741d6c649faa45e56de183') in 0.0014444 seconds
Number of updated asset objects reloaded before import = 0Number of asset objects unloaded after import = 1

========================================================================
Received Import Request.
  Time since last request: 25.698594 seconds.
  path: Assets/Sprites/Templo/Pyramid Ruins 16x16/PR_Objects 16x16.png
  artifactKey: Guid(32414ab3622fb924dbf1bbb8f10fe884) Importer(815301076,1909f56bfc062723c751e8b465ee728b)
Start importing Assets/Sprites/Templo/Pyramid Ruins 16x16/PR_Objects 16x16.png using Guid(32414ab3622fb924dbf1bbb8f10fe884) Importer(815301076,1909f56bfc062723c751e8b465ee728b) (PreviewImporter) -> (artifact id: '5c62972e4eb9c85e9235e680507cbf14') in 0.0507808 seconds
Number of updated asset objects reloaded before import = 0Number of asset objects unloaded after import = 18

========================================================================
Received Import Request.
  Time since last request: 0.000027 seconds.
  path: Assets/Sprites/Templo/Pyramid Ruins 16x16/PR_TileSet 16x16.png
  artifactKey: Guid(dfc6b522f52f99346a4c38a25cb64842) Importer(815301076,1909f56bfc062723c751e8b465ee728b)
Start importing Assets/Sprites/Templo/Pyramid Ruins 16x16/PR_TileSet 16x16.png using Guid(dfc6b522f52f99346a4c38a25cb64842) Importer(815301076,1909f56bfc062723c751e8b465ee728b) (PreviewImporter) -> (artifact id: 'e5115f4b62f0c0f00e3b595be7c33246') in 0.058337 seconds
Number of updated asset objects reloaded before import = 0Number of asset objects unloaded after import = 26

========================================================================
Received Import Request.
  Time since last request: 0.000033 seconds.
  path: Assets/Sprites/Templo/Pyramid Ruins 16x16/PR_BackGround 16x16.png
  artifactKey: Guid(c0eec3058c108384ab904ed7b5f5f870) Importer(815301076,1909f56bfc062723c751e8b465ee728b)
Start importing Assets/Sprites/Templo/Pyramid Ruins 16x16/PR_BackGround 16x16.png using Guid(c0eec3058c108384ab904ed7b5f5f870) Importer(815301076,1909f56bfc062723c751e8b465ee728b) (PreviewImporter) -> (artifact id: '6f6f4d51eb73b879559aec91b2d6c17a') in 0.0087834 seconds
Number of updated asset objects reloaded before import = 0Number of asset objects unloaded after import = 3

========================================================================
Received Import Request.
  Time since last request: 0.000019 seconds.
  path: Assets/Sprites/Templo/Pyramid Ruins 16x16/PR_TileGround 16x16.png
  artifactKey: Guid(fc3fc8afb8f70514294fba788cc0d0b5) Importer(815301076,1909f56bfc062723c751e8b465ee728b)
Start importing Assets/Sprites/Templo/Pyramid Ruins 16x16/PR_TileGround 16x16.png using Guid(fc3fc8afb8f70514294fba788cc0d0b5) Importer(815301076,1909f56bfc062723c751e8b465ee728b) (PreviewImporter) -> (artifact id: 'ce3b00144f4bf4138858df345309b71f') in 0.0338811 seconds
Number of updated asset objects reloaded before import = 0Number of asset objects unloaded after import = 9

========================================================================
Received Import Request.
  Time since last request: 17.992221 seconds.
  path: Assets/Sprites/Templo/Pyramid Ruins 16x16/PR_BackGround 16x16.png
  artifactKey: Guid(c0eec3058c108384ab904ed7b5f5f870) Importer(815301076,1909f56bfc062723c751e8b465ee728b)
Start importing Assets/Sprites/Templo/Pyramid Ruins 16x16/PR_BackGround 16x16.png using Guid(c0eec3058c108384ab904ed7b5f5f870) Importer(815301076,1909f56bfc062723c751e8b465ee728b) (PreviewImporter) -> (artifact id: '05451edf50d0725720ccbb72428b74e1') in 0.0979193 seconds
Number of updated asset objects reloaded before import = 0Number of asset objects unloaded after import = 38

========================================================================
Received Import Request.
  Time since last request: 10.209066 seconds.
  path: Assets/Sprites/Templo/Pyramid Ruins 16x16/PR_Objects 16x16.png
  artifactKey: Guid(32414ab3622fb924dbf1bbb8f10fe884) Importer(815301076,1909f56bfc062723c751e8b465ee728b)
Start importing Assets/Sprites/Templo/Pyramid Ruins 16x16/PR_Objects 16x16.png using Guid(32414ab3622fb924dbf1bbb8f10fe884) Importer(815301076,1909f56bfc062723c751e8b465ee728b) (PreviewImporter) -> (artifact id: 'ea9e06675b300bebb953c7c87bdaa31f') in 0.2016084 seconds
Number of updated asset objects reloaded before import = 0Number of asset objects unloaded after import = 67

========================================================================
Received Import Request.
  Time since last request: 11.117762 seconds.
  path: Assets/Sprites/Templo/Pyramid Ruins 16x16/PR_TileGround 16x16.png
  artifactKey: Guid(fc3fc8afb8f70514294fba788cc0d0b5) Importer(815301076,1909f56bfc062723c751e8b465ee728b)
Start importing Assets/Sprites/Templo/Pyramid Ruins 16x16/PR_TileGround 16x16.png using Guid(fc3fc8afb8f70514294fba788cc0d0b5) Importer(815301076,1909f56bfc062723c751e8b465ee728b) (PreviewImporter) -> (artifact id: '91e1ee991d38304dbc1ec5c50e0db505') in 0.08411 seconds
Number of updated asset objects reloaded before import = 0Number of asset objects unloaded after import = 28

========================================================================
Received Import Request.
  Time since last request: 12.675380 seconds.
  path: Assets/Sprites/Templo/Pyramid Ruins 16x16/PR_TileSet 16x16.png
  artifactKey: Guid(dfc6b522f52f99346a4c38a25cb64842) Importer(815301076,1909f56bfc062723c751e8b465ee728b)
Start importing Assets/Sprites/Templo/Pyramid Ruins 16x16/PR_TileSet 16x16.png using Guid(dfc6b522f52f99346a4c38a25cb64842) Importer(815301076,1909f56bfc062723c751e8b465ee728b) (PreviewImporter) -> (artifact id: 'ead41d161cc30df815a2d3269cb65289') in 0.3348972 seconds
Number of updated asset objects reloaded before import = 0Number of asset objects unloaded after import = 129

========================================================================
Received Import Request.
  Time since last request: 36.087456 seconds.
  path: Assets/Sprites/Ruínas/Legacy Adventure Pack - RUINS 16x16/Background_1.png
  artifactKey: Guid(a2c376a86c06363438f50a7c8d8aaa98) Importer(815301076,1909f56bfc062723c751e8b465ee728b)
Start importing Assets/Sprites/Ruínas/Legacy Adventure Pack - RUINS 16x16/Background_1.png using Guid(a2c376a86c06363438f50a7c8d8aaa98) Importer(815301076,1909f56bfc062723c751e8b465ee728b) (PreviewImporter) -> (artifact id: 'ec480f2f1ab4f37eee6eb1db5c88f14f') in 0.0183341 seconds
Number of updated asset objects reloaded before import = 0Number of asset objects unloaded after import = 3

========================================================================
Received Import Request.
  Time since last request: 0.000036 seconds.
  path: Assets/Sprites/Ruínas/Legacy Adventure Pack - RUINS 16x16/Background_2.png
  artifactKey: Guid(cec31c22a5c013c49bb4d564a0967933) Importer(815301076,1909f56bfc062723c751e8b465ee728b)
Start importing Assets/Sprites/Ruínas/Legacy Adventure Pack - RUINS 16x16/Background_2.png using Guid(cec31c22a5c013c49bb4d564a0967933) Importer(815301076,1909f56bfc062723c751e8b465ee728b) (PreviewImporter) -> (artifact id: 'db8679230d8e3a02affce70e0c7d7bef') in 0.0186327 seconds
Number of updated asset objects reloaded before import = 0Number of asset objects unloaded after import = 3

========================================================================
Received Import Request.
  Time since last request: 40.702795 seconds.
  path: Assets/Sprites/Sala do Trono
  artifactKey: Guid(30128261fa6b3644bafa04d80dc05c20) Importer(815301076,1909f56bfc062723c751e8b465ee728b)
Start importing Assets/Sprites/Sala do Trono using Guid(30128261fa6b3644bafa04d80dc05c20) Importer(815301076,1909f56bfc062723c751e8b465ee728b) (PreviewImporter) -> (artifact id: 'eb6e5f2a8825ee27e0139200467ce5b1') in 0.0006408 seconds
Number of updated asset objects reloaded before import = 0Number of asset objects unloaded after import = 0

========================================================================
Received Import Request.
  Time since last request: 33.369620 seconds.
  path: Assets/Sprites/Sala do Trono/Free-Castle-Interior-Pixel-Game-Backgrounds
  artifactKey: Guid(7f5c5a7db353e474c976fcfe0cc2e75b) Importer(815301076,1909f56bfc062723c751e8b465ee728b)
Start importing Assets/Sprites/Sala do Trono/Free-Castle-Interior-Pixel-Game-Backgrounds using Guid(7f5c5a7db353e474c976fcfe0cc2e75b) Importer(815301076,1909f56bfc062723c751e8b465ee728b) (PreviewImporter) -> (artifact id: 'bdea46fc2f3ba5933ac6f3dbfa5a65de') in 0.0006679 seconds
Number of updated asset objects reloaded before import = 0Number of asset objects unloaded after import = 0

========================================================================
Received Import Request.
  Time since last request: 1.377738 seconds.
  path: Assets/Sprites/Sala do Trono/Hero's journey - Castle Hall 32x32
  artifactKey: Guid(e73a9f6c9c8d5134a82417f11765a7ae) Importer(815301076,1909f56bfc062723c751e8b465ee728b)
Start importing Assets/Sprites/Sala do Trono/Hero's journey - Castle Hall 32x32 using Guid(e73a9f6c9c8d5134a82417f11765a7ae) Importer(815301076,1909f56bfc062723c751e8b465ee728b) (PreviewImporter) -> (artifact id: '62033549990494a9e17d7a1c427adfd8') in 0.0007396 seconds
Number of updated asset objects reloaded before import = 0Number of asset objects unloaded after import = 0

========================================================================
Received Import Request.
  Time since last request: 2.094042 seconds.
  path: Assets/Sprites/Sala do Trono/Hero's journey - Castle Hall 32x32/Social
  artifactKey: Guid(7908d98fc9ff7e2419ac66f8714ddabc) Importer(815301076,1909f56bfc062723c751e8b465ee728b)
Start importing Assets/Sprites/Sala do Trono/Hero's journey - Castle Hall 32x32/Social using Guid(7908d98fc9ff7e2419ac66f8714ddabc) Importer(815301076,1909f56bfc062723c751e8b465ee728b) (PreviewImporter) -> (artifact id: '2ac1838cac8d3045ab20ab9ecb1ef46b') in 0.0006101 seconds
Number of updated asset objects reloaded before import = 0Number of asset objects unloaded after import = 0

========================================================================
Received Import Request.
  Time since last request: 4.921105 seconds.
  path: Assets/Sprites/Sala do Trono/Hero's journey - Castle Hall 32x32/Tiles
  artifactKey: Guid(ba53f75f490390c4cb180cdaf7d20176) Importer(815301076,1909f56bfc062723c751e8b465ee728b)
Start importing Assets/Sprites/Sala do Trono/Hero's journey - Castle Hall 32x32/Tiles using Guid(ba53f75f490390c4cb180cdaf7d20176) Importer(815301076,1909f56bfc062723c751e8b465ee728b) (PreviewImporter) -> (artifact id: 'dbc1040973001d8c6a3a3dea2e3bd1f5') in 0.0007765 seconds
Number of updated asset objects reloaded before import = 0Number of asset objects unloaded after import = 0

========================================================================
Received Import Request.
  Time since last request: 0.202019 seconds.
  path: Assets/Sprites/Sala do Trono/Hero's journey - Castle Hall 32x32/Tiles/Background.aseprite
  artifactKey: Guid(7a46d9737076a1e4ea9e84f058ff8cfb) Importer(815301076,1909f56bfc062723c751e8b465ee728b)
Start importing Assets/Sprites/Sala do Trono/Hero's journey - Castle Hall 32x32/Tiles/Background.aseprite using Guid(7a46d9737076a1e4ea9e84f058ff8cfb) Importer(815301076,1909f56bfc062723c751e8b465ee728b) (PreviewImporter) -> (artifact id: 'a4b5a1c274fdec7d3c13500c74d1958b') in 0.025523 seconds
Number of updated asset objects reloaded before import = 0Number of asset objects unloaded after import = 7

========================================================================
Received Import Request.
  Time since last request: 0.000023 seconds.
  path: Assets/Sprites/Sala do Trono/Hero's journey - Castle Hall 32x32/Tiles/Tiles.png
  artifactKey: Guid(48f433f7350d3cc48b0a7838f1b04972) Importer(815301076,1909f56bfc062723c751e8b465ee728b)
Start importing Assets/Sprites/Sala do Trono/Hero's journey - Castle Hall 32x32/Tiles/Tiles.png using Guid(48f433f7350d3cc48b0a7838f1b04972) Importer(815301076,1909f56bfc062723c751e8b465ee728b) (PreviewImporter) -> (artifact id: 'ba690c3d4c3cd5581c5ad081dec949e6') in 0.0367442 seconds
Number of updated asset objects reloaded before import = 0Number of asset objects unloaded after import = 5

========================================================================
Received Import Request.
  Time since last request: 0.000034 seconds.
  path: Assets/Sprites/Sala do Trono/Hero's journey - Castle Hall 32x32/Tiles/Background.png
  artifactKey: Guid(1a0b7481b64d6cd4f9d9328d89d43fe8) Importer(815301076,1909f56bfc062723c751e8b465ee728b)
Start importing Assets/Sprites/Sala do Trono/Hero's journey - Castle Hall 32x32/Tiles/Background.png using Guid(1a0b7481b64d6cd4f9d9328d89d43fe8) Importer(815301076,1909f56bfc062723c751e8b465ee728b) (PreviewImporter) -> (artifact id: 'b1516f51390f7198a0266b72c5235d29') in 0.0184748 seconds
Number of updated asset objects reloaded before import = 0Number of asset objects unloaded after import = 3

========================================================================
Received Import Request.
  Time since last request: 0.000025 seconds.
  path: Assets/Sprites/Sala do Trono/Hero's journey - Castle Hall 32x32/Tiles/Tiles.aseprite
  artifactKey: Guid(16510c45c8c9de749be3c3f224c20ab4) Importer(815301076,1909f56bfc062723c751e8b465ee728b)
Start importing Assets/Sprites/Sala do Trono/Hero's journey - Castle Hall 32x32/Tiles/Tiles.aseprite using Guid(16510c45c8c9de749be3c3f224c20ab4) Importer(815301076,1909f56bfc062723c751e8b465ee728b) (PreviewImporter) -> (artifact id: 'f0250cf91efc2b6bd5d00cf5b61585b2') in 0.0285659 seconds
Number of updated asset objects reloaded before import = 0Number of asset objects unloaded after import = 7

========================================================================
Received Import Request.
  Time since last request: 0.000028 seconds.
  path: Assets/Sprites/Sala do Trono/Hero's journey - Castle Hall 32x32/Tiles/Props.aseprite
  artifactKey: Guid(45695ffb84bd1574d8044ac53d0e0d99) Importer(815301076,1909f56bfc062723c751e8b465ee728b)
Start importing Assets/Sprites/Sala do Trono/Hero's journey - Castle Hall 32x32/Tiles/Props.aseprite using Guid(45695ffb84bd1574d8044ac53d0e0d99) Importer(815301076,1909f56bfc062723c751e8b465ee728b) (PreviewImporter) -> (artifact id: 'bc19c49f563d608731b749320d229ff7') in 0.0253309 seconds
Number of updated asset objects reloaded before import = 0Number of asset objects unloaded after import = 7

========================================================================
Received Import Request.
  Time since last request: 0.000030 seconds.
  path: Assets/Sprites/Sala do Trono/Hero's journey - Castle Hall 32x32/Tiles/Props.png
  artifactKey: Guid(a49b21eaa032b2949a2ddae1d68b00d8) Importer(815301076,1909f56bfc062723c751e8b465ee728b)
Start importing Assets/Sprites/Sala do Trono/Hero's journey - Castle Hall 32x32/Tiles/Props.png using Guid(a49b21eaa032b2949a2ddae1d68b00d8) Importer(815301076,1909f56bfc062723c751e8b465ee728b) (PreviewImporter) -> (artifact id: '75a72a57a05206f8c545b6b607ae18af') in 0.0959006 seconds
Number of updated asset objects reloaded before import = 0Number of asset objects unloaded after import = 26

========================================================================
Received Import Request.
  Time since last request: 23.628692 seconds.
  path: Assets/Sprites/Sala do Trono/Hero's journey - Castle Hall 32x32/Tiles/Tiles.png
  artifactKey: Guid(48f433f7350d3cc48b0a7838f1b04972) Importer(815301076,1909f56bfc062723c751e8b465ee728b)
Start importing Assets/Sprites/Sala do Trono/Hero's journey - Castle Hall 32x32/Tiles/Tiles.png using Guid(48f433f7350d3cc48b0a7838f1b04972) Importer(815301076,1909f56bfc062723c751e8b465ee728b) (PreviewImporter) -> (artifact id: 'f4f7c2d992940f79b084da06718e5f1e') in 0.0274179 seconds
Number of updated asset objects reloaded before import = 0Number of asset objects unloaded after import = 5

========================================================================
Received Import Request.
  Time since last request: 0.000024 seconds.
  path: Assets/Sprites/Sala do Trono/Hero's journey - Castle Hall 32x32/Tiles/Background.png
  artifactKey: Guid(1a0b7481b64d6cd4f9d9328d89d43fe8) Importer(815301076,1909f56bfc062723c751e8b465ee728b)
Start importing Assets/Sprites/Sala do Trono/Hero's journey - Castle Hall 32x32/Tiles/Background.png using Guid(1a0b7481b64d6cd4f9d9328d89d43fe8) Importer(815301076,1909f56bfc062723c751e8b465ee728b) (PreviewImporter) -> (artifact id: 'f63c9f39422d7d42428743feae2027f9') in 0.0234859 seconds
Number of updated asset objects reloaded before import = 0Number of asset objects unloaded after import = 3

========================================================================
Received Import Request.
  Time since last request: 0.000030 seconds.
  path: Assets/Sprites/Sala do Trono/Hero's journey - Castle Hall 32x32/Tiles/Props.png
  artifactKey: Guid(a49b21eaa032b2949a2ddae1d68b00d8) Importer(815301076,1909f56bfc062723c751e8b465ee728b)
Start importing Assets/Sprites/Sala do Trono/Hero's journey - Castle Hall 32x32/Tiles/Props.png using Guid(a49b21eaa032b2949a2ddae1d68b00d8) Importer(815301076,1909f56bfc062723c751e8b465ee728b) (PreviewImporter) -> (artifact id: 'b159b0d1610aeb624a5af888372d8eab') in 0.0677419 seconds
Number of updated asset objects reloaded before import = 0Number of asset objects unloaded after import = 26

========================================================================
Received Import Request.
  Time since last request: 12.103622 seconds.
  path: Assets/Sprites/Sala do Trono/Hero's journey - Castle Hall 32x32/Tiles/Props.png
  artifactKey: Guid(a49b21eaa032b2949a2ddae1d68b00d8) Importer(815301076,1909f56bfc062723c751e8b465ee728b)
Start importing Assets/Sprites/Sala do Trono/Hero's journey - Castle Hall 32x32/Tiles/Props.png using Guid(a49b21eaa032b2949a2ddae1d68b00d8) Importer(815301076,1909f56bfc062723c751e8b465ee728b) (PreviewImporter) -> (artifact id: 'ce12ad5cd507b003be18616bcd522388') in 0.363192 seconds
Number of updated asset objects reloaded before import = 0Number of asset objects unloaded after import = 158

========================================================================
Received Import Request.
  Time since last request: 10.501344 seconds.
  path: Assets/Sprites/Sala do Trono/Hero's journey - Castle Hall 32x32/Tiles/Tiles.png
  artifactKey: Guid(48f433f7350d3cc48b0a7838f1b04972) Importer(815301076,1909f56bfc062723c751e8b465ee728b)
Start importing Assets/Sprites/Sala do Trono/Hero's journey - Castle Hall 32x32/Tiles/Tiles.png using Guid(48f433f7350d3cc48b0a7838f1b04972) Importer(815301076,1909f56bfc062723c751e8b465ee728b) (PreviewImporter) -> (artifact id: '94fc4709eb325dfaf0a78d3a233ccb9b') in 1.0149799 seconds
Number of updated asset objects reloaded before import = 0Number of asset objects unloaded after import = 514

========================================================================
Received Import Request.
  Time since last request: 22.524745 seconds.
  path: Assets/Sprites/Sala do Trono/Hero's journey - Castle Hall 32x32/Tiles/Tiles.png
  artifactKey: Guid(48f433f7350d3cc48b0a7838f1b04972) Importer(815301076,1909f56bfc062723c751e8b465ee728b)
Start importing Assets/Sprites/Sala do Trono/Hero's journey - Castle Hall 32x32/Tiles/Tiles.png using Guid(48f433f7350d3cc48b0a7838f1b04972) Importer(815301076,1909f56bfc062723c751e8b465ee728b) (PreviewImporter) -> (artifact id: '7c74dfda4f337a06b4cae833373ed04c') in 1.1333054 seconds
Number of updated asset objects reloaded before import = 0Number of asset objects unloaded after import = 514

========================================================================
Received Import Request.
  Time since last request: 75.057433 seconds.
  path: Assets/Sprites/Sala do Trono/Hero's journey - Castle Hall 32x32/Tiles/Background.png
  artifactKey: Guid(1a0b7481b64d6cd4f9d9328d89d43fe8) Importer(815301076,1909f56bfc062723c751e8b465ee728b)
Start importing Assets/Sprites/Sala do Trono/Hero's journey - Castle Hall 32x32/Tiles/Background.png using Guid(1a0b7481b64d6cd4f9d9328d89d43fe8) Importer(815301076,1909f56bfc062723c751e8b465ee728b) (PreviewImporter) -> (artifact id: '0969b683b84ca9cc8a156ae443b53439') in 0.658012 seconds
Number of updated asset objects reloaded before import = 0Number of asset objects unloaded after import = 296

========================================================================
Received Import Request.
  Time since last request: 46.958512 seconds.
  path: Assets/Sprites/Sala do Trono/Free-Castle-Interior-Pixel-Game-Backgrounds/COUPON.png
  artifactKey: Guid(a5268cc9bba43274da406c445a5a8823) Importer(815301076,1909f56bfc062723c751e8b465ee728b)
Start importing Assets/Sprites/Sala do Trono/Free-Castle-Interior-Pixel-Game-Backgrounds/COUPON.png using Guid(a5268cc9bba43274da406c445a5a8823) Importer(815301076,1909f56bfc062723c751e8b465ee728b) (PreviewImporter) -> (artifact id: '132e6234542500338a3d01d8977d9297') in 0.0373829 seconds
Number of updated asset objects reloaded before import = 0Number of asset objects unloaded after import = 3

========================================================================
Received Import Request.
  Time since last request: 1.936849 seconds.
  path: Assets/Sprites/Sala do Trono/Free-Castle-Interior-Pixel-Game-Backgrounds/PSD
  artifactKey: Guid(93076fd7bce84504dbf27476d90b8da3) Importer(815301076,1909f56bfc062723c751e8b465ee728b)
Start importing Assets/Sprites/Sala do Trono/Free-Castle-Interior-Pixel-Game-Backgrounds/PSD using Guid(93076fd7bce84504dbf27476d90b8da3) Importer(815301076,1909f56bfc062723c751e8b465ee728b) (PreviewImporter) -> (artifact id: 'c6db2c96e66d23c756dda506c01a96b2') in 0.0007738 seconds
Number of updated asset objects reloaded before import = 0Number of asset objects unloaded after import = 0

========================================================================
Received Import Request.
  Time since last request: 0.000024 seconds.
  path: Assets/Sprites/Sala do Trono/Free-Castle-Interior-Pixel-Game-Backgrounds/PSD/background 4.psd
  artifactKey: Guid(c6f9071f6374f7a4d875c46e2952a561) Importer(815301076,1909f56bfc062723c751e8b465ee728b)
Start importing Assets/Sprites/Sala do Trono/Free-Castle-Interior-Pixel-Game-Backgrounds/PSD/background 4.psd using Guid(c6f9071f6374f7a4d875c46e2952a561) Importer(815301076,1909f56bfc062723c751e8b465ee728b) (PreviewImporter) -> (artifact id: '96f55d062f57ebe240a3557debd6ba80') in 0.0213467 seconds
Number of updated asset objects reloaded before import = 0Number of asset objects unloaded after import = 3

========================================================================
Received Import Request.
  Time since last request: 0.000030 seconds.
  path: Assets/Sprites/Sala do Trono/Free-Castle-Interior-Pixel-Game-Backgrounds/PSD/background 1.psd
  artifactKey: Guid(c2c6afa1568472647b7ecf937120575c) Importer(815301076,1909f56bfc062723c751e8b465ee728b)
Start importing Assets/Sprites/Sala do Trono/Free-Castle-Interior-Pixel-Game-Backgrounds/PSD/background 1.psd using Guid(c2c6afa1568472647b7ecf937120575c) Importer(815301076,1909f56bfc062723c751e8b465ee728b) (PreviewImporter) -> (artifact id: '83f62c3a34253f33c8c42f6406ba3eee') in 0.0202923 seconds
Number of updated asset objects reloaded before import = 0Number of asset objects unloaded after import = 3

========================================================================
Received Import Request.
  Time since last request: 0.000023 seconds.
  path: Assets/Sprites/Sala do Trono/Free-Castle-Interior-Pixel-Game-Backgrounds/PSD/background 3.psd
  artifactKey: Guid(efa782400ce09474eb77bed85158d048) Importer(815301076,1909f56bfc062723c751e8b465ee728b)
Start importing Assets/Sprites/Sala do Trono/Free-Castle-Interior-Pixel-Game-Backgrounds/PSD/background 3.psd using Guid(efa782400ce09474eb77bed85158d048) Importer(815301076,1909f56bfc062723c751e8b465ee728b) (PreviewImporter) -> (artifact id: '458dee1ab6343a37132104f8fc14cea8') in 0.0191343 seconds
Number of updated asset objects reloaded before import = 0Number of asset objects unloaded after import = 3

========================================================================
Received Import Request.
  Time since last request: 0.000024 seconds.
  path: Assets/Sprites/Sala do Trono/Free-Castle-Interior-Pixel-Game-Backgrounds/PSD/background 2.psd
  artifactKey: Guid(bcab6a6a071d8f145b797e39e8b5106d) Importer(815301076,1909f56bfc062723c751e8b465ee728b)
Start importing Assets/Sprites/Sala do Trono/Free-Castle-Interior-Pixel-Game-Backgrounds/PSD/background 2.psd using Guid(bcab6a6a071d8f145b797e39e8b5106d) Importer(815301076,1909f56bfc062723c751e8b465ee728b) (PreviewImporter) -> (artifact id: '5fc4fee7fe1c835be7cde642faf0af92') in 0.0216569 seconds
Number of updated asset objects reloaded before import = 0Number of asset objects unloaded after import = 3

========================================================================
Received Import Request.
  Time since last request: 8.738789 seconds.
  path: Assets/Sprites/Sala do Trono/Free-Castle-Interior-Pixel-Game-Backgrounds/PSD/background 4.psd
  artifactKey: Guid(c6f9071f6374f7a4d875c46e2952a561) Importer(815301076,1909f56bfc062723c751e8b465ee728b)
Start importing Assets/Sprites/Sala do Trono/Free-Castle-Interior-Pixel-Game-Backgrounds/PSD/background 4.psd using Guid(c6f9071f6374f7a4d875c46e2952a561) Importer(815301076,1909f56bfc062723c751e8b465ee728b) (PreviewImporter) -> (artifact id: 'cc7f7bfabb426593c5023b76382a285a') in 0.0182352 seconds
Number of updated asset objects reloaded before import = 0Number of asset objects unloaded after import = 3

========================================================================
Received Import Request.
  Time since last request: 0.000022 seconds.
  path: Assets/Sprites/Sala do Trono/Free-Castle-Interior-Pixel-Game-Backgrounds/PSD/background 1.psd
  artifactKey: Guid(c2c6afa1568472647b7ecf937120575c) Importer(815301076,1909f56bfc062723c751e8b465ee728b)
Start importing Assets/Sprites/Sala do Trono/Free-Castle-Interior-Pixel-Game-Backgrounds/PSD/background 1.psd using Guid(c2c6afa1568472647b7ecf937120575c) Importer(815301076,1909f56bfc062723c751e8b465ee728b) (PreviewImporter) -> (artifact id: '05d715e7cca9be2264db0a01dd207ad8') in 0.0174302 seconds
Number of updated asset objects reloaded before import = 0Number of asset objects unloaded after import = 3

========================================================================
Received Import Request.
  Time since last request: 0.000023 seconds.
  path: Assets/Sprites/Sala do Trono/Free-Castle-Interior-Pixel-Game-Backgrounds/PSD/background 3.psd
  artifactKey: Guid(efa782400ce09474eb77bed85158d048) Importer(815301076,1909f56bfc062723c751e8b465ee728b)
Start importing Assets/Sprites/Sala do Trono/Free-Castle-Interior-Pixel-Game-Backgrounds/PSD/background 3.psd using Guid(efa782400ce09474eb77bed85158d048) Importer(815301076,1909f56bfc062723c751e8b465ee728b) (PreviewImporter) -> (artifact id: '48ee46d07a630aad9da91911f24c619d') in 0.0188167 seconds
Number of updated asset objects reloaded before import = 0Number of asset objects unloaded after import = 3

========================================================================
Received Import Request.
  Time since last request: 0.000044 seconds.
  path: Assets/Sprites/Sala do Trono/Free-Castle-Interior-Pixel-Game-Backgrounds/PSD/background 2.psd
  artifactKey: Guid(bcab6a6a071d8f145b797e39e8b5106d) Importer(815301076,1909f56bfc062723c751e8b465ee728b)
Start importing Assets/Sprites/Sala do Trono/Free-Castle-Interior-Pixel-Game-Backgrounds/PSD/background 2.psd using Guid(bcab6a6a071d8f145b797e39e8b5106d) Importer(815301076,1909f56bfc062723c751e8b465ee728b) (PreviewImporter) -> (artifact id: '3eb6f4d1cd97e27dd1aa508158eccd81') in 0.018623 seconds
Number of updated asset objects reloaded before import = 0Number of asset objects unloaded after import = 3

========================================================================
Received Import Request.
  Time since last request: 34.348933 seconds.
  path: Assets/Sprites/Sala do Trono/Free-Castle-Interior-Pixel-Game-Backgrounds/PNG/background 1
  artifactKey: Guid(84e03295f43ca03498300a29ed8c4de1) Importer(815301076,1909f56bfc062723c751e8b465ee728b)
Start importing Assets/Sprites/Sala do Trono/Free-Castle-Interior-Pixel-Game-Backgrounds/PNG/background 1 using Guid(84e03295f43ca03498300a29ed8c4de1) Importer(815301076,1909f56bfc062723c751e8b465ee728b) (PreviewImporter) -> (artifact id: '9a07193df88483054341c584ee2a5d62') in 0.0007774 seconds
Number of updated asset objects reloaded before import = 0Number of asset objects unloaded after import = 0

========================================================================
Received Import Request.
  Time since last request: 0.124101 seconds.
  path: Assets/Sprites/Sala do Trono/Free-Castle-Interior-Pixel-Game-Backgrounds/PNG/background 1/background 1.png
  artifactKey: Guid(c010f3976a5214b4ba07afaf616506ec) Importer(815301076,1909f56bfc062723c751e8b465ee728b)
Start importing Assets/Sprites/Sala do Trono/Free-Castle-Interior-Pixel-Game-Backgrounds/PNG/background 1/background 1.png using Guid(c010f3976a5214b4ba07afaf616506ec) Importer(815301076,1909f56bfc062723c751e8b465ee728b) (PreviewImporter) -> (artifact id: 'a1c991f9ad58bc0e9296f6290087d287') in 0.0175588 seconds
Number of updated asset objects reloaded before import = 0Number of asset objects unloaded after import = 3

========================================================================
Received Import Request.
  Time since last request: 0.000022 seconds.
  path: Assets/Sprites/Sala do Trono/Free-Castle-Interior-Pixel-Game-Backgrounds/PNG/background 1/Plan 2.png
  artifactKey: Guid(5a692f07e419667438d7b039a645dacd) Importer(815301076,1909f56bfc062723c751e8b465ee728b)
Start importing Assets/Sprites/Sala do Trono/Free-Castle-Interior-Pixel-Game-Backgrounds/PNG/background 1/Plan 2.png using Guid(5a692f07e419667438d7b039a645dacd) Importer(815301076,1909f56bfc062723c751e8b465ee728b) (PreviewImporter) -> (artifact id: '23ed30d1cd42d590879701407d2906bd') in 0.018938 seconds
Number of updated asset objects reloaded before import = 0Number of asset objects unloaded after import = 3

========================================================================
Received Import Request.
  Time since last request: 0.000024 seconds.
  path: Assets/Sprites/Sala do Trono/Free-Castle-Interior-Pixel-Game-Backgrounds/PNG/background 1/Preview 1.png
  artifactKey: Guid(646d82350fdb09d45b1fe1c59dbf84fd) Importer(815301076,1909f56bfc062723c751e8b465ee728b)
Start importing Assets/Sprites/Sala do Trono/Free-Castle-Interior-Pixel-Game-Backgrounds/PNG/background 1/Preview 1.png using Guid(646d82350fdb09d45b1fe1c59dbf84fd) Importer(815301076,1909f56bfc062723c751e8b465ee728b) (PreviewImporter) -> (artifact id: '3d004f49940805fc33c986b360ea33b1') in 0.0186269 seconds
Number of updated asset objects reloaded before import = 0Number of asset objects unloaded after import = 3

========================================================================
Received Import Request.
  Time since last request: 0.000031 seconds.
  path: Assets/Sprites/Sala do Trono/Free-Castle-Interior-Pixel-Game-Backgrounds/PNG/background 1/Plan 1.png
  artifactKey: Guid(ddbee2f92b2c2c042a78a98125688dbc) Importer(815301076,1909f56bfc062723c751e8b465ee728b)
Start importing Assets/Sprites/Sala do Trono/Free-Castle-Interior-Pixel-Game-Backgrounds/PNG/background 1/Plan 1.png using Guid(ddbee2f92b2c2c042a78a98125688dbc) Importer(815301076,1909f56bfc062723c751e8b465ee728b) (PreviewImporter) -> (artifact id: '53ae3a5cf06b71901bb39e4da1786362') in 0.0167831 seconds
Number of updated asset objects reloaded before import = 0Number of asset objects unloaded after import = 3

========================================================================
Received Import Request.
  Time since last request: 0.000024 seconds.
  path: Assets/Sprites/Sala do Trono/Free-Castle-Interior-Pixel-Game-Backgrounds/PNG/background 1/Plan 3.png
  artifactKey: Guid(dc65e1f34a65f7e45a67f109d7a2462f) Importer(815301076,1909f56bfc062723c751e8b465ee728b)
Start importing Assets/Sprites/Sala do Trono/Free-Castle-Interior-Pixel-Game-Backgrounds/PNG/background 1/Plan 3.png using Guid(dc65e1f34a65f7e45a67f109d7a2462f) Importer(815301076,1909f56bfc062723c751e8b465ee728b) (PreviewImporter) -> (artifact id: '306a0c27ef3f2cfac537f26829ded77b') in 0.0179523 seconds
Number of updated asset objects reloaded before import = 0Number of asset objects unloaded after import = 3

========================================================================
Received Import Request.
  Time since last request: 8.227350 seconds.
  path: Assets/Sprites/Sala do Trono/Free-Castle-Interior-Pixel-Game-Backgrounds/__MACOSX
  artifactKey: Guid(d60daf72a3cbb834e9014e5191c6d2e5) Importer(815301076,1909f56bfc062723c751e8b465ee728b)
Start importing Assets/Sprites/Sala do Trono/Free-Castle-Interior-Pixel-Game-Backgrounds/__MACOSX using Guid(d60daf72a3cbb834e9014e5191c6d2e5) Importer(815301076,1909f56bfc062723c751e8b465ee728b) (PreviewImporter) -> (artifact id: 'e40e4617b479a2128d1fa917bb59513c') in 0.0007079 seconds
Number of updated asset objects reloaded before import = 0Number of asset objects unloaded after import = 0

========================================================================
Received Import Request.
  Time since last request: 89.176470 seconds.
  path: Assets/Sprites/Floresta Esquecida/Final 16x16
  artifactKey: Guid(6b71fd721fab1674492903b7e918d7f0) Importer(815301076,1909f56bfc062723c751e8b465ee728b)
Start importing Assets/Sprites/Floresta Esquecida/Final 16x16 using Guid(6b71fd721fab1674492903b7e918d7f0) Importer(815301076,1909f56bfc062723c751e8b465ee728b) (PreviewImporter) -> (artifact id: 'f924f53bf60df44954a9b9c65540366e') in 0.00076 seconds
Number of updated asset objects reloaded before import = 0Number of asset objects unloaded after import = 0

========================================================================
Received Import Request.
  Time since last request: 0.199755 seconds.
  path: Assets/Sprites/Floresta Esquecida/Final 16x16/Background_0.png
  artifactKey: Guid(f4470316ecbab244283077b060ad00cc) Importer(815301076,1909f56bfc062723c751e8b465ee728b)
Start importing Assets/Sprites/Floresta Esquecida/Final 16x16/Background_0.png using Guid(f4470316ecbab244283077b060ad00cc) Importer(815301076,1909f56bfc062723c751e8b465ee728b) (PreviewImporter) -> (artifact id: '154e726d6cebf91854cfecc7b1158a11') in 0.019311 seconds
Number of updated asset objects reloaded before import = 0Number of asset objects unloaded after import = 3

========================================================================
Received Import Request.
  Time since last request: 0.000024 seconds.
  path: Assets/Sprites/Floresta Esquecida/Final 16x16/Salt.png
  artifactKey: Guid(42e527e330bc5874091b06f9c0d5b5d1) Importer(815301076,1909f56bfc062723c751e8b465ee728b)
Start importing Assets/Sprites/Floresta Esquecida/Final 16x16/Salt.png using Guid(42e527e330bc5874091b06f9c0d5b5d1) Importer(815301076,1909f56bfc062723c751e8b465ee728b) (PreviewImporter) -> (artifact id: '9477f8910d811c3cfb1f0d33efb49c55') in 0.0169735 seconds
Number of updated asset objects reloaded before import = 0Number of asset objects unloaded after import = 3

========================================================================
Received Import Request.
  Time since last request: 0.000028 seconds.
  path: Assets/Sprites/Floresta Esquecida/Final 16x16/Background_1.png
  artifactKey: Guid(7ba8760dc800fd340be5dd5f995a5071) Importer(815301076,1909f56bfc062723c751e8b465ee728b)
Start importing Assets/Sprites/Floresta Esquecida/Final 16x16/Background_1.png using Guid(7ba8760dc800fd340be5dd5f995a5071) Importer(815301076,1909f56bfc062723c751e8b465ee728b) (PreviewImporter) -> (artifact id: '94bba0a2b87c79acd5c54784ee6bf51f') in 0.0169315 seconds
Number of updated asset objects reloaded before import = 0Number of asset objects unloaded after import = 3

========================================================================
Received Import Request.
  Time since last request: 0.000020 seconds.
  path: Assets/Sprites/Floresta Esquecida/Final 16x16/brush.png
  artifactKey: Guid(d9b552685343d584b90cf8a0d2755e90) Importer(815301076,1909f56bfc062723c751e8b465ee728b)
Start importing Assets/Sprites/Floresta Esquecida/Final 16x16/brush.png using Guid(d9b552685343d584b90cf8a0d2755e90) Importer(815301076,1909f56bfc062723c751e8b465ee728b) (PreviewImporter) -> (artifact id: '0d800c112d12417d10af23407ad40f4a') in 0.0196455 seconds
Number of updated asset objects reloaded before import = 0Number of asset objects unloaded after import = 3

========================================================================
Received Import Request.
  Time since last request: 0.000023 seconds.
  path: Assets/Sprites/Floresta Esquecida/Final 16x16/Grass_background_2.png
  artifactKey: Guid(a2c3e972c66d1d14fb144c4fc7cb793f) Importer(815301076,1909f56bfc062723c751e8b465ee728b)
Start importing Assets/Sprites/Floresta Esquecida/Final 16x16/Grass_background_2.png using Guid(a2c3e972c66d1d14fb144c4fc7cb793f) Importer(815301076,1909f56bfc062723c751e8b465ee728b) (PreviewImporter) -> (artifact id: 'ac0dac0efba72603dc2f31ec9a878134') in 0.0185328 seconds
Number of updated asset objects reloaded before import = 0Number of asset objects unloaded after import = 3

========================================================================
Received Import Request.
  Time since last request: 0.000023 seconds.
  path: Assets/Sprites/Floresta Esquecida/Final 16x16/Tiles.png
  artifactKey: Guid(f9750190d28c5eb4c9c0e8a954fe8a65) Importer(815301076,1909f56bfc062723c751e8b465ee728b)
Start importing Assets/Sprites/Floresta Esquecida/Final 16x16/Tiles.png using Guid(f9750190d28c5eb4c9c0e8a954fe8a65) Importer(815301076,1909f56bfc062723c751e8b465ee728b) (PreviewImporter) -> (artifact id: '2fe039903b60ade240a22808d59adfe0') in 0.0401831 seconds
Number of updated asset objects reloaded before import = 0Number of asset objects unloaded after import = 10

========================================================================
Received Import Request.
  Time since last request: 0.000034 seconds.
  path: Assets/Sprites/Floresta Esquecida/Final 16x16/Grass_background_1.png
  artifactKey: Guid(e2658dff849ba9a49ad52fe80e8e28ca) Importer(815301076,1909f56bfc062723c751e8b465ee728b)
Start importing Assets/Sprites/Floresta Esquecida/Final 16x16/Grass_background_1.png using Guid(e2658dff849ba9a49ad52fe80e8e28ca) Importer(815301076,1909f56bfc062723c751e8b465ee728b) (PreviewImporter) -> (artifact id: '78834b43eac87fa927e25a4848721e03') in 0.0169625 seconds
Number of updated asset objects reloaded before import = 0Number of asset objects unloaded after import = 3

========================================================================
Received Import Request.
  Time since last request: 9.887408 seconds.
  path: Assets/Sprites/Floresta Esquecida/Final 16x16/Tiles.png
  artifactKey: Guid(f9750190d28c5eb4c9c0e8a954fe8a65) Importer(815301076,1909f56bfc062723c751e8b465ee728b)
Start importing Assets/Sprites/Floresta Esquecida/Final 16x16/Tiles.png using Guid(f9750190d28c5eb4c9c0e8a954fe8a65) Importer(815301076,1909f56bfc062723c751e8b465ee728b) (PreviewImporter) -> (artifact id: 'c12bb716c40e774fd46e226734c96c9e') in 0.6582142 seconds
Number of updated asset objects reloaded before import = 0Number of asset objects unloaded after import = 382

========================================================================
Received Import Request.
  Time since last request: 41.068309 seconds.
  path: Assets/Sprites/Floresta Esquecida/Final 16x16/brush.png
  artifactKey: Guid(d9b552685343d584b90cf8a0d2755e90) Importer(815301076,1909f56bfc062723c751e8b465ee728b)
Start importing Assets/Sprites/Floresta Esquecida/Final 16x16/brush.png using Guid(d9b552685343d584b90cf8a0d2755e90) Importer(815301076,1909f56bfc062723c751e8b465ee728b) (PreviewImporter) -> (artifact id: '6967a454ba613c8cb8e1ad6678ce27ca') in 0.3251448 seconds
Number of updated asset objects reloaded before import = 0Number of asset objects unloaded after import = 146

========================================================================
Received Import Request.
  Time since last request: 16.772625 seconds.
  path: Assets/Sprites/Floresta Esquecida/Final 16x16/Background_1.png
  artifactKey: Guid(7ba8760dc800fd340be5dd5f995a5071) Importer(815301076,1909f56bfc062723c751e8b465ee728b)
Start importing Assets/Sprites/Floresta Esquecida/Final 16x16/Background_1.png using Guid(7ba8760dc800fd340be5dd5f995a5071) Importer(815301076,1909f56bfc062723c751e8b465ee728b) (PreviewImporter) -> (artifact id: '6f5a34783f7e2d5d2735b189bdf9f29e') in 0.0174832 seconds
Number of updated asset objects reloaded before import = 0Number of asset objects unloaded after import = 3

========================================================================
Received Import Request.
  Time since last request: 0.000022 seconds.
  path: Assets/Sprites/Floresta Esquecida/Final 16x16/Salt.png
  artifactKey: Guid(42e527e330bc5874091b06f9c0d5b5d1) Importer(815301076,1909f56bfc062723c751e8b465ee728b)
Start importing Assets/Sprites/Floresta Esquecida/Final 16x16/Salt.png using Guid(42e527e330bc5874091b06f9c0d5b5d1) Importer(815301076,1909f56bfc062723c751e8b465ee728b) (PreviewImporter) -> (artifact id: '9d7631da6fd7b0c3748a074a297be128') in 0.0170271 seconds
Number of updated asset objects reloaded before import = 0Number of asset objects unloaded after import = 3

========================================================================
Received Import Request.
  Time since last request: 0.000030 seconds.
  path: Assets/Sprites/Floresta Esquecida/Final 16x16/brush.png
  artifactKey: Guid(d9b552685343d584b90cf8a0d2755e90) Importer(815301076,1909f56bfc062723c751e8b465ee728b)
Start importing Assets/Sprites/Floresta Esquecida/Final 16x16/brush.png using Guid(d9b552685343d584b90cf8a0d2755e90) Importer(815301076,1909f56bfc062723c751e8b465ee728b) (PreviewImporter) -> (artifact id: '0066a3cc67bdfb39f09644c51d888cc4') in 0.2521231 seconds
Number of updated asset objects reloaded before import = 0Number of asset objects unloaded after import = 146

========================================================================
Received Import Request.
  Time since last request: 0.000025 seconds.
  path: Assets/Sprites/Floresta Esquecida/Final 16x16/Background_0.png
  artifactKey: Guid(f4470316ecbab244283077b060ad00cc) Importer(815301076,1909f56bfc062723c751e8b465ee728b)
Start importing Assets/Sprites/Floresta Esquecida/Final 16x16/Background_0.png using Guid(f4470316ecbab244283077b060ad00cc) Importer(815301076,1909f56bfc062723c751e8b465ee728b) (PreviewImporter) -> (artifact id: '2734ef278d72eafb0341e5659e5488ed') in 0.016127 seconds
Number of updated asset objects reloaded before import = 0Number of asset objects unloaded after import = 3

========================================================================
Received Import Request.
  Time since last request: 0.000029 seconds.
  path: Assets/Sprites/Floresta Esquecida/Final 16x16/Grass_background_2.png
  artifactKey: Guid(a2c3e972c66d1d14fb144c4fc7cb793f) Importer(815301076,1909f56bfc062723c751e8b465ee728b)
Start importing Assets/Sprites/Floresta Esquecida/Final 16x16/Grass_background_2.png using Guid(a2c3e972c66d1d14fb144c4fc7cb793f) Importer(815301076,1909f56bfc062723c751e8b465ee728b) (PreviewImporter) -> (artifact id: 'b465ce65e1298782e41c1c630ea63263') in 0.0161198 seconds
Number of updated asset objects reloaded before import = 0Number of asset objects unloaded after import = 3

========================================================================
Received Import Request.
  Time since last request: 0.000019 seconds.
  path: Assets/Sprites/Floresta Esquecida/Final 16x16/Tiles.png
  artifactKey: Guid(f9750190d28c5eb4c9c0e8a954fe8a65) Importer(815301076,1909f56bfc062723c751e8b465ee728b)
Start importing Assets/Sprites/Floresta Esquecida/Final 16x16/Tiles.png using Guid(f9750190d28c5eb4c9c0e8a954fe8a65) Importer(815301076,1909f56bfc062723c751e8b465ee728b) (PreviewImporter) -> (artifact id: '17c1e3bec42aa17090a993809cd92d7d') in 0.6367267 seconds
Number of updated asset objects reloaded before import = 0Number of asset objects unloaded after import = 382

========================================================================
Received Import Request.
  Time since last request: 0.000026 seconds.
  path: Assets/Sprites/Floresta Esquecida/Final 16x16/Grass_background_1.png
  artifactKey: Guid(e2658dff849ba9a49ad52fe80e8e28ca) Importer(815301076,1909f56bfc062723c751e8b465ee728b)
Start importing Assets/Sprites/Floresta Esquecida/Final 16x16/Grass_background_1.png using Guid(e2658dff849ba9a49ad52fe80e8e28ca) Importer(815301076,1909f56bfc062723c751e8b465ee728b) (PreviewImporter) -> (artifact id: '4b6f508bff6abe310cdaa573f9a5ed33') in 0.0172235 seconds
Number of updated asset objects reloaded before import = 0Number of asset objects unloaded after import = 3

========================================================================
Received Import Request.
  Time since last request: 12.364619 seconds.
  path: Assets/Sprites/Floresta Esquecida/Final 16x16/Grass_background_1.png
  artifactKey: Guid(e2658dff849ba9a49ad52fe80e8e28ca) Importer(815301076,1909f56bfc062723c751e8b465ee728b)
Start importing Assets/Sprites/Floresta Esquecida/Final 16x16/Grass_background_1.png using Guid(e2658dff849ba9a49ad52fe80e8e28ca) Importer(815301076,1909f56bfc062723c751e8b465ee728b) (PreviewImporter) -> (artifact id: '4109690824cf0524b1124e5e2bbb15a7') in 0.5483042 seconds
Number of updated asset objects reloaded before import = 0Number of asset objects unloaded after import = 278

========================================================================
Received Import Request.
  Time since last request: 11.816877 seconds.
  path: Assets/Sprites/Floresta Esquecida/Final 16x16/Grass_background_2.png
  artifactKey: Guid(a2c3e972c66d1d14fb144c4fc7cb793f) Importer(815301076,1909f56bfc062723c751e8b465ee728b)
Start importing Assets/Sprites/Floresta Esquecida/Final 16x16/Grass_background_2.png using Guid(a2c3e972c66d1d14fb144c4fc7cb793f) Importer(815301076,1909f56bfc062723c751e8b465ee728b) (PreviewImporter) -> (artifact id: '3c18009620190c43031fb28d0cff035f') in 0.6688369 seconds
Number of updated asset objects reloaded before import = 0Number of asset objects unloaded after import = 362

========================================================================
Received Import Request.
  Time since last request: 9.542835 seconds.
  path: Assets/Sprites/Floresta Esquecida/Final 16x16/Salt.png
  artifactKey: Guid(42e527e330bc5874091b06f9c0d5b5d1) Importer(815301076,1909f56bfc062723c751e8b465ee728b)
Start importing Assets/Sprites/Floresta Esquecida/Final 16x16/Salt.png using Guid(42e527e330bc5874091b06f9c0d5b5d1) Importer(815301076,1909f56bfc062723c751e8b465ee728b) (PreviewImporter) -> (artifact id: '1364fab8c3399b0564e36307bbe2d88b') in 0.1491241 seconds
Number of updated asset objects reloaded before import = 0Number of asset objects unloaded after import = 67

========================================================================
Received Import Request.
  Time since last request: 7.771352 seconds.
  path: Assets/Sprites/Floresta Esquecida/Final 16x16/Social
  artifactKey: Guid(ed1b248bb31514f4eb8720c2193d5e52) Importer(815301076,1909f56bfc062723c751e8b465ee728b)
Start importing Assets/Sprites/Floresta Esquecida/Final 16x16/Social using Guid(ed1b248bb31514f4eb8720c2193d5e52) Importer(815301076,1909f56bfc062723c751e8b465ee728b) (PreviewImporter) -> (artifact id: 'fa3ffb62baae43c6e94b974dbee354ff') in 0.000673 seconds
Number of updated asset objects reloaded before import = 0Number of asset objects unloaded after import = 0

========================================================================
Received Import Request.
  Time since last request: 0.011058 seconds.
  path: Assets/Sprites/Floresta Esquecida/Final 16x16/Social/moon.png
  artifactKey: Guid(766981c48da106b46bc71652213c63ce) Importer(815301076,1909f56bfc062723c751e8b465ee728b)
Start importing Assets/Sprites/Floresta Esquecida/Final 16x16/Social/moon.png using Guid(766981c48da106b46bc71652213c63ce) Importer(815301076,1909f56bfc062723c751e8b465ee728b) (PreviewImporter) -> (artifact id: 'a07d5caa984d0ba6ad3b2acebc711254') in 0.0338064 seconds
Number of updated asset objects reloaded before import = 0Number of asset objects unloaded after import = 3

========================================================================
Received Import Request.
  Time since last request: 0.000023 seconds.
  path: Assets/Sprites/Floresta Esquecida/Final 16x16/Social/test_2.png
  artifactKey: Guid(9dc4c14342c5bdd4390165d58e8ba9c2) Importer(815301076,1909f56bfc062723c751e8b465ee728b)
Start importing Assets/Sprites/Floresta Esquecida/Final 16x16/Social/test_2.png using Guid(9dc4c14342c5bdd4390165d58e8ba9c2) Importer(815301076,1909f56bfc062723c751e8b465ee728b) (PreviewImporter) -> (artifact id: '4d6c335c48c34f291c867d142f28b834') in 0.0174945 seconds
Number of updated asset objects reloaded before import = 0Number of asset objects unloaded after import = 3

========================================================================
Received Import Request.
  Time since last request: 0.000030 seconds.
  path: Assets/Sprites/Floresta Esquecida/Final 16x16/Social/test_1.png
  artifactKey: Guid(d785fb471e77e614294cff88cbfc79dc) Importer(815301076,1909f56bfc062723c751e8b465ee728b)
Start importing Assets/Sprites/Floresta Esquecida/Final 16x16/Social/test_1.png using Guid(d785fb471e77e614294cff88cbfc79dc) Importer(815301076,1909f56bfc062723c751e8b465ee728b) (PreviewImporter) -> (artifact id: 'bd4f49bcb2aa5e45945147fa2d9f2e4b') in 0.0196044 seconds
Number of updated asset objects reloaded before import = 0Number of asset objects unloaded after import = 3

========================================================================
Received Import Request.
  Time since last request: 6.710552 seconds.
  path: Assets/Sprites/Floresta Esquecida/Final 16x16/Social/moon.png
  artifactKey: Guid(766981c48da106b46bc71652213c63ce) Importer(815301076,1909f56bfc062723c751e8b465ee728b)
Start importing Assets/Sprites/Floresta Esquecida/Final 16x16/Social/moon.png using Guid(766981c48da106b46bc71652213c63ce) Importer(815301076,1909f56bfc062723c751e8b465ee728b) (PreviewImporter) -> (artifact id: '4a96e6aa9c9920f57a50968c06b40a16') in 0.0232474 seconds
Number of updated asset objects reloaded before import = 0Number of asset objects unloaded after import = 3

========================================================================
Received Import Request.
  Time since last request: 0.000022 seconds.
  path: Assets/Sprites/Floresta Esquecida/Final 16x16/Social/test_2.png
  artifactKey: Guid(9dc4c14342c5bdd4390165d58e8ba9c2) Importer(815301076,1909f56bfc062723c751e8b465ee728b)
Start importing Assets/Sprites/Floresta Esquecida/Final 16x16/Social/test_2.png using Guid(9dc4c14342c5bdd4390165d58e8ba9c2) Importer(815301076,1909f56bfc062723c751e8b465ee728b) (PreviewImporter) -> (artifact id: '4ad5652f13320e5f266f29f2443ecae7') in 0.0216811 seconds
Number of updated asset objects reloaded before import = 0Number of asset objects unloaded after import = 3

========================================================================
Received Import Request.
  Time since last request: 0.000030 seconds.
  path: Assets/Sprites/Floresta Esquecida/Final 16x16/Social/test_1.png
  artifactKey: Guid(d785fb471e77e614294cff88cbfc79dc) Importer(815301076,1909f56bfc062723c751e8b465ee728b)
Start importing Assets/Sprites/Floresta Esquecida/Final 16x16/Social/test_1.png using Guid(d785fb471e77e614294cff88cbfc79dc) Importer(815301076,1909f56bfc062723c751e8b465ee728b) (PreviewImporter) -> (artifact id: '69cb38dc31192f26459e3a5163b32ac8') in 0.0170071 seconds
Number of updated asset objects reloaded before import = 0Number of asset objects unloaded after import = 3

========================================================================
Received Import Request.
  Time since last request: 315.519833 seconds.
  path: Assets/Sprites/Cryo's Mini GUI/Buttons/buttons_4x.png
  artifactKey: Guid(0b6457a13e4640349944bb89f8d68753) Importer(815301076,1909f56bfc062723c751e8b465ee728b)
Start importing Assets/Sprites/Cryo's Mini GUI/Buttons/buttons_4x.png using Guid(0b6457a13e4640349944bb89f8d68753) Importer(815301076,1909f56bfc062723c751e8b465ee728b) (PreviewImporter) -> (artifact id: '1ff87e3da4875327378bc309c6f79772') in 0.0721271 seconds
Number of updated asset objects reloaded before import = 0Number of asset objects unloaded after import = 24

========================================================================
Received Import Request.
  Time since last request: 9.553277 seconds.
  path: Assets/Sprites/Cryo's Mini GUI/Buttons/Sliced/buttons_4x_sliced.png
  artifactKey: Guid(278ca67d3fd6eb54ab31d55feecd30b6) Importer(815301076,1909f56bfc062723c751e8b465ee728b)
Start importing Assets/Sprites/Cryo's Mini GUI/Buttons/Sliced/buttons_4x_sliced.png using Guid(278ca67d3fd6eb54ab31d55feecd30b6) Importer(815301076,1909f56bfc062723c751e8b465ee728b) (PreviewImporter) -> (artifact id: '5b6aedb3f49f2b6c3571613a7bb13e5a') in 0.1041832 seconds
Number of updated asset objects reloaded before import = 0Number of asset objects unloaded after import = 40

========================================================================
Received Import Request.
  Time since last request: 45.357623 seconds.
  path: Assets/Sprites/Cryo's Mini GUI/GUI/GUI_1x.png
  artifactKey: Guid(c4a36e1406f61fe47961ef7fcbd491e7) Importer(815301076,1909f56bfc062723c751e8b465ee728b)
Start importing Assets/Sprites/Cryo's Mini GUI/GUI/GUI_1x.png using Guid(c4a36e1406f61fe47961ef7fcbd491e7) Importer(815301076,1909f56bfc062723c751e8b465ee728b) (PreviewImporter) -> (artifact id: '8aa5e1bc1b8e493c630b7ba6f832dbaf') in 0.0403973 seconds
Number of updated asset objects reloaded before import = 0Number of asset objects unloaded after import = 13

========================================================================
Received Import Request.
  Time since last request: 0.000023 seconds.
  path: Assets/Sprites/Cryo's Mini GUI/GUI/GUI_2x.png
  artifactKey: Guid(5a785a0041bd3a64f9fc1a7eb1419fd5) Importer(815301076,1909f56bfc062723c751e8b465ee728b)
Start importing Assets/Sprites/Cryo's Mini GUI/GUI/GUI_2x.png using Guid(5a785a0041bd3a64f9fc1a7eb1419fd5) Importer(815301076,1909f56bfc062723c751e8b465ee728b) (PreviewImporter) -> (artifact id: 'c6f4273e2cec2979cfce1fff2918fae4') in 0.0433992 seconds
Number of updated asset objects reloaded before import = 0Number of asset objects unloaded after import = 13

========================================================================
Received Import Request.
  Time since last request: 0.000025 seconds.
  path: Assets/Sprites/Cryo's Mini GUI/GUI/GUI_4x.png
  artifactKey: Guid(82464275bff7ae24f9243a4335c5455c) Importer(815301076,1909f56bfc062723c751e8b465ee728b)
Start importing Assets/Sprites/Cryo's Mini GUI/GUI/GUI_4x.png using Guid(82464275bff7ae24f9243a4335c5455c) Importer(815301076,1909f56bfc062723c751e8b465ee728b) (PreviewImporter) -> (artifact id: '74fd302f90fc557d021d784fd6cb3a8c') in 0.0439347 seconds
Number of updated asset objects reloaded before import = 0Number of asset objects unloaded after import = 15

========================================================================
Received Import Request.
  Time since last request: 55.500172 seconds.
  path: Assets/Sprites/Cryo's Mini GUI/GUI/Sliced/GUI_4x_sliced.png
  artifactKey: Guid(009c1f2e1d5247e408adce59f0a18a86) Importer(815301076,1909f56bfc062723c751e8b465ee728b)
Start importing Assets/Sprites/Cryo's Mini GUI/GUI/Sliced/GUI_4x_sliced.png using Guid(009c1f2e1d5247e408adce59f0a18a86) Importer(815301076,1909f56bfc062723c751e8b465ee728b) (PreviewImporter) -> (artifact id: 'e77b78ad713d8ad15634e9928b7f87ef') in 0.4587594 seconds
Number of updated asset objects reloaded before import = 0Number of asset objects unloaded after import = 224

